2018-11-10 05:10:58,411 - INFO - allennlp.common.from_params - instantiating class <class 'allennlp.data.dataset_readers.dataset_reader.DatasetReader'> from params {'type': 'bert_features'} and extras {}
2018-11-10 05:10:58,412 - INFO - allennlp.common.params - dataset_reader.type = bert_features
2018-11-10 05:10:58,412 - INFO - allennlp.common.from_params - instantiating class <class 'rmt.dataset_readers.bert_features.BertFeaturesDatasetReader'> from params {} and extras {}
2018-11-10 05:10:58,413 - INFO - allennlp.common.params - dataset_reader.lazy = False
2018-11-10 05:10:58,413 - INFO - allennlp.common.params - validation_dataset_reader = None
2018-11-10 05:10:58,413 - INFO - allennlp.common.params - train_data_path = fixtures/data/
2018-11-10 05:10:58,413 - INFO - allennlp.commands.train - Reading training data from fixtures/data/
2018-11-10 05:10:58,464 - INFO - allennlp.common.params - validation_data_path = fixtures/data/
2018-11-10 05:10:58,464 - INFO - allennlp.commands.train - Reading validation data from fixtures/data/
2018-11-10 05:10:58,512 - INFO - allennlp.common.params - test_data_path = None
2018-11-10 05:10:58,512 - INFO - allennlp.commands.train - From dataset instances, train, validation will be considered for vocabulary creation.
2018-11-10 05:10:58,512 - INFO - allennlp.common.params - vocabulary.type = None
2018-11-10 05:10:58,512 - INFO - allennlp.common.params - vocabulary.extend = False
2018-11-10 05:10:58,512 - INFO - allennlp.common.params - vocabulary.directory_path = None
2018-11-10 05:10:58,513 - INFO - allennlp.common.params - vocabulary.min_count = None
2018-11-10 05:10:58,513 - INFO - allennlp.common.params - vocabulary.max_vocab_size = None
2018-11-10 05:10:58,513 - INFO - allennlp.common.params - vocabulary.non_padded_namespaces = ('*tags', '*labels')
2018-11-10 05:10:58,513 - INFO - allennlp.common.params - vocabulary.min_pretrained_embeddings = None
2018-11-10 05:10:58,513 - INFO - allennlp.common.params - vocabulary.only_include_pretrained_words = False
2018-11-10 05:10:58,513 - INFO - allennlp.common.params - vocabulary.tokens_to_add = None
2018-11-10 05:10:58,514 - INFO - allennlp.data.vocabulary - Fitting token dictionary from dataset.
2018-11-10 05:10:58,514 - INFO - allennlp.common.from_params - instantiating class <class 'allennlp.models.model.Model'> from params {'encoder': {'input_dim': 768, 'type': 'pass_through'}, 'mapping_layer': {'attention': {'type': 'dot_product'}, 'decoder_rnn_output_dim': 768, 'input_dim': 768, 'max_decoding_steps': 20, 'output_projection_dim': 768, 'scheduled_sampling_ratio': 0, 'type': 'att_rnn_decoder'}, 'type': 'semantic_spaces_mapper'} and extras {'vocab': <allennlp.data.vocabulary.Vocabulary object at 0x7f98f3551a90>}
2018-11-10 05:10:58,514 - INFO - allennlp.common.params - model.type = semantic_spaces_mapper
2018-11-10 05:10:58,515 - INFO - allennlp.common.from_params - instantiating class <class 'rmt.models.semantic_spaces_mapper.SemanticSpacesMapper'> from params {'encoder': {'input_dim': 768, 'type': 'pass_through'}, 'mapping_layer': {'attention': {'type': 'dot_product'}, 'decoder_rnn_output_dim': 768, 'input_dim': 768, 'max_decoding_steps': 20, 'output_projection_dim': 768, 'scheduled_sampling_ratio': 0, 'type': 'att_rnn_decoder'}} and extras {'vocab': <allennlp.data.vocabulary.Vocabulary object at 0x7f98f3551a90>}
2018-11-10 05:10:58,515 - INFO - allennlp.common.from_params - instantiating class <class 'allennlp.modules.seq2seq_encoders.seq2seq_encoder.Seq2SeqEncoder'> from params {'input_dim': 768, 'type': 'pass_through'} and extras {'vocab': <allennlp.data.vocabulary.Vocabulary object at 0x7f98f3551a90>}
2018-11-10 05:10:58,515 - INFO - allennlp.common.params - model.encoder.type = pass_through
2018-11-10 05:10:58,516 - INFO - allennlp.common.from_params - instantiating class <class 'allennlp.modules.seq2seq_encoders.pass_through_encoder.PassThroughEncoder'> from params {'input_dim': 768} and extras {'vocab': <allennlp.data.vocabulary.Vocabulary object at 0x7f98f3551a90>}
2018-11-10 05:10:58,516 - INFO - allennlp.common.params - model.encoder.input_dim = 768
2018-11-10 05:10:58,516 - INFO - allennlp.common.from_params - instantiating class <class 'allennlp.modules.seq2seq_encoders.seq2seq_encoder.Seq2SeqEncoder'> from params {'attention': {'type': 'dot_product'}, 'decoder_rnn_output_dim': 768, 'input_dim': 768, 'max_decoding_steps': 20, 'output_projection_dim': 768, 'scheduled_sampling_ratio': 0, 'type': 'att_rnn_decoder'} and extras {'vocab': <allennlp.data.vocabulary.Vocabulary object at 0x7f98f3551a90>}
2018-11-10 05:10:58,517 - INFO - allennlp.common.params - model.mapping_layer.type = att_rnn_decoder
2018-11-10 05:10:58,517 - INFO - allennlp.common.from_params - instantiating class <class 'rmt.modules.att_rnn_decoder.AttentionalRnnDecoder'> from params {'attention': {'type': 'dot_product'}, 'decoder_rnn_output_dim': 768, 'input_dim': 768, 'max_decoding_steps': 20, 'output_projection_dim': 768, 'scheduled_sampling_ratio': 0} and extras {'vocab': <allennlp.data.vocabulary.Vocabulary object at 0x7f98f3551a90>}
2018-11-10 05:10:58,517 - INFO - allennlp.common.params - model.mapping_layer.input_dim = 768
2018-11-10 05:10:58,517 - INFO - allennlp.common.params - model.mapping_layer.decoder_rnn_output_dim = 768
2018-11-10 05:10:58,518 - INFO - allennlp.common.params - model.mapping_layer.output_projection_dim = 768
2018-11-10 05:10:58,518 - INFO - allennlp.common.params - model.mapping_layer.max_decoding_steps = 20
2018-11-10 05:10:58,518 - INFO - allennlp.common.from_params - instantiating class <class 'allennlp.modules.attention.attention.Attention'> from params {'type': 'dot_product'} and extras {'vocab': <allennlp.data.vocabulary.Vocabulary object at 0x7f98f3551a90>}
2018-11-10 05:10:58,518 - INFO - allennlp.common.params - model.mapping_layer.attention.type = dot_product
2018-11-10 05:10:58,519 - INFO - allennlp.common.from_params - instantiating class <class 'allennlp.modules.attention.dot_product_attention.DotProductAttention'> from params {} and extras {'vocab': <allennlp.data.vocabulary.Vocabulary object at 0x7f98f3551a90>}
2018-11-10 05:10:58,519 - INFO - allennlp.common.params - model.mapping_layer.attention.normalize = True
2018-11-10 05:10:58,519 - INFO - allennlp.common.params - model.mapping_layer.scheduled_sampling_ratio = 0
2018-11-10 05:10:58,710 - INFO - allennlp.common.params - model.path_to_generator = None
2018-11-10 05:10:58,711 - INFO - allennlp.nn.initializers - Initializing parameters
2018-11-10 05:10:58,711 - INFO - allennlp.nn.initializers - Done initializing parameters; the following parameters are using their default initialization from their code
2018-11-10 05:10:58,712 - INFO - allennlp.common.from_params - instantiating class <class 'allennlp.data.iterators.data_iterator.DataIterator'> from params {'batch_size': 2, 'type': 'basic'} and extras {}
2018-11-10 05:10:58,712 - INFO - allennlp.common.params - iterator.type = basic
2018-11-10 05:10:58,713 - INFO - allennlp.common.from_params - instantiating class <class 'allennlp.data.iterators.basic_iterator.BasicIterator'> from params {'batch_size': 2} and extras {}
2018-11-10 05:10:58,713 - INFO - allennlp.common.params - iterator.batch_size = 2
2018-11-10 05:10:58,714 - INFO - allennlp.common.params - iterator.instances_per_epoch = None
2018-11-10 05:10:58,714 - INFO - allennlp.common.params - iterator.max_instances_in_memory = None
2018-11-10 05:10:58,714 - INFO - allennlp.common.params - iterator.cache_instances = False
2018-11-10 05:10:58,714 - INFO - allennlp.common.params - iterator.track_epoch = False
2018-11-10 05:10:58,715 - INFO - allennlp.common.params - iterator.maximum_samples_per_batch = None
2018-11-10 05:10:58,715 - INFO - allennlp.common.params - validation_iterator = None
2018-11-10 05:10:58,715 - INFO - allennlp.common.params - trainer.no_grad = ()
2018-11-10 05:10:58,716 - INFO - allennlp.commands.train - Following parameters are Frozen  (without gradient):
2018-11-10 05:10:58,716 - INFO - allennlp.commands.train - Following parameters are Tunable (with gradient):
2018-11-10 05:10:58,716 - INFO - allennlp.commands.train - _mapping_layer._decoder_cell.weight_ih
2018-11-10 05:10:58,716 - INFO - allennlp.commands.train - _mapping_layer._decoder_cell.weight_hh
2018-11-10 05:10:58,716 - INFO - allennlp.commands.train - _mapping_layer._decoder_cell.bias_ih
2018-11-10 05:10:58,716 - INFO - allennlp.commands.train - _mapping_layer._decoder_cell.bias_hh
2018-11-10 05:10:58,716 - INFO - allennlp.commands.train - _mapping_layer._output_projection_layer.weight
2018-11-10 05:10:58,716 - INFO - allennlp.commands.train - _mapping_layer._output_projection_layer.bias
2018-11-10 05:10:58,717 - INFO - allennlp.common.params - trainer.type = default
2018-11-10 05:10:58,717 - INFO - allennlp.common.params - trainer.patience = 10
2018-11-10 05:10:58,717 - INFO - allennlp.common.params - trainer.validation_metric = -loss
2018-11-10 05:10:58,717 - INFO - allennlp.common.params - trainer.shuffle = True
2018-11-10 05:10:58,717 - INFO - allennlp.common.params - trainer.num_epochs = 3
2018-11-10 05:10:58,717 - INFO - allennlp.common.params - trainer.cuda_device = -1
2018-11-10 05:10:58,717 - INFO - allennlp.common.params - trainer.grad_norm = None
2018-11-10 05:10:58,718 - INFO - allennlp.common.params - trainer.grad_clipping = None
2018-11-10 05:10:58,718 - INFO - allennlp.common.params - trainer.learning_rate_scheduler = None
2018-11-10 05:10:58,718 - INFO - allennlp.common.params - trainer.optimizer.type = sgd
2018-11-10 05:10:58,718 - INFO - allennlp.common.params - trainer.optimizer.parameter_groups = None
2018-11-10 05:10:58,718 - INFO - allennlp.training.optimizers - Number of trainable parameters: 7674624
2018-11-10 05:10:58,720 - INFO - allennlp.common.params - Converting Params object to dict; logging of default values will not occur when dictionary parameters are used subsequently.
2018-11-10 05:10:58,720 - INFO - allennlp.common.params - CURRENTLY DEFINED PARAMETERS: 
2018-11-10 05:10:58,720 - INFO - allennlp.common.params - trainer.optimizer.lr = 0.01
2018-11-10 05:10:58,720 - INFO - allennlp.common.params - trainer.num_serialized_models_to_keep = 20
2018-11-10 05:10:58,720 - INFO - allennlp.common.params - trainer.keep_serialized_model_every_num_seconds = None
2018-11-10 05:10:58,720 - INFO - allennlp.common.params - trainer.model_save_interval = None
2018-11-10 05:10:58,721 - INFO - allennlp.common.params - trainer.summary_interval = 100
2018-11-10 05:10:58,721 - INFO - allennlp.common.params - trainer.histogram_interval = None
2018-11-10 05:10:58,721 - INFO - allennlp.common.params - trainer.should_log_parameter_statistics = True
2018-11-10 05:10:58,721 - INFO - allennlp.common.params - trainer.should_log_learning_rate = False
2018-11-10 05:10:58,727 - INFO - allennlp.common.params - evaluate_on_test = False
2018-11-10 05:10:58,727 - INFO - allennlp.training.trainer - Beginning training.
2018-11-10 05:10:58,727 - INFO - allennlp.training.trainer - Epoch 0/2
2018-11-10 05:10:58,727 - INFO - allennlp.training.trainer - Peak CPU memory usage MB: 250.976
2018-11-10 05:10:58,775 - INFO - allennlp.training.trainer - Training
2018-11-10 05:10:59,303 - INFO - allennlp.training.trainer - Validating
2018-11-10 05:10:59,491 - INFO - allennlp.training.trainer -          Training |  Validation
2018-11-10 05:10:59,496 - INFO - allennlp.training.trainer - loss |     0.150  |     0.150
2018-11-10 05:10:59,540 - INFO - allennlp.training.trainer - Best validation performance so far. Copying weights to 'fixtures/semantic_spaces_mapper/serialization/best.th'.
2018-11-10 05:10:59,615 - INFO - allennlp.training.trainer - Epoch duration: 00:00:00
2018-11-10 05:10:59,615 - INFO - allennlp.training.trainer - Estimated training time remaining: 0:00:01
2018-11-10 05:10:59,615 - INFO - allennlp.training.trainer - Epoch 1/2
2018-11-10 05:10:59,615 - INFO - allennlp.training.trainer - Peak CPU memory usage MB: 378.596
2018-11-10 05:10:59,651 - INFO - allennlp.training.trainer - Training
2018-11-10 05:11:00,538 - INFO - allennlp.training.trainer - Validating
2018-11-10 05:11:00,769 - INFO - allennlp.training.trainer -          Training |  Validation
2018-11-10 05:11:00,775 - INFO - allennlp.training.trainer - loss |     0.150  |     0.150
2018-11-10 05:11:00,829 - INFO - allennlp.training.trainer - Best validation performance so far. Copying weights to 'fixtures/semantic_spaces_mapper/serialization/best.th'.
2018-11-10 05:11:00,936 - INFO - allennlp.training.trainer - Epoch duration: 00:00:01
2018-11-10 05:11:00,936 - INFO - allennlp.training.trainer - Estimated training time remaining: 0:00:01
2018-11-10 05:11:00,936 - INFO - allennlp.training.trainer - Epoch 2/2
2018-11-10 05:11:00,936 - INFO - allennlp.training.trainer - Peak CPU memory usage MB: 434.372
2018-11-10 05:11:00,974 - INFO - allennlp.training.trainer - Training
2018-11-10 05:11:01,552 - INFO - allennlp.training.trainer - Validating
2018-11-10 05:11:01,701 - INFO - allennlp.training.trainer -          Training |  Validation
2018-11-10 05:11:01,702 - INFO - allennlp.training.trainer - loss |     0.150  |     0.150
2018-11-10 05:11:01,748 - INFO - allennlp.training.trainer - Best validation performance so far. Copying weights to 'fixtures/semantic_spaces_mapper/serialization/best.th'.
2018-11-10 05:11:01,836 - INFO - allennlp.training.trainer - Epoch duration: 00:00:00
2018-11-10 05:11:01,837 - INFO - allennlp.models.archival - archiving weights and vocabulary to fixtures/semantic_spaces_mapper/serialization/model.tar.gz
2018-11-10 05:11:04,404 - INFO - allennlp.commands.train - Loading the best epoch weights.
2018-11-10 05:11:04,452 - INFO - allennlp.common.util - Metrics: {
  "training_duration": "00:00:02",
  "training_start_epoch": 0,
  "training_epochs": 2,
  "epoch": 2,
  "training_loss": 0.15043450891971588,
  "validation_loss": 0.150403693318367,
  "best_epoch": 2,
  "best_validation_loss": 0.150403693318367
}
